0+(-10)*x0+(-10)*x1+(10)
sat
input 0 = 0.0
input 1 = 0.0
output 0 = 0.0
vals: {0: 0.0, 1: 0.0, 2: 0.0, 3: -0.0, 4: -0.0, 5: 0.0, 6: 0.0}
0+(-10)*x0+(-10)*x1+(0)
sat
input 0 = 0.0
input 1 = 0.08333333333333333
output 0 = 0.16666666666666666
vals: {0: 0.0, 1: 0.08333333333333333, 2: 0.16666666666666666, 3: -0.0, 4: 0.08333333333333333, 5: 0.0, 6: 0.08333333333333333}
0+(-10)*x0+(-9)*x1+(0)
sat
input 0 = 0.0
input 1 = 0.09090909090909091
output 0 = 0.18181818181818182
vals: {0: 0.0, 1: 0.09090909090909091, 2: 0.18181818181818182, 3: -0.0, 4: 0.09090909090909091, 5: 0.0, 6: 0.09090909090909091}
0+(-10)*x0+(-8)*x1+(0)
sat
input 0 = 0.0
input 1 = 0.1
output 0 = 0.2
vals: {0: 0.0, 1: 0.1, 2: 0.2, 3: -0.0, 4: 0.1, 5: 0.0, 6: 0.1}
0+(-10)*x0+(-7)*x1+(0)
sat
input 0 = 0.0
input 1 = 0.1111111111111111
output 0 = 0.2222222222222222
vals: {0: 0.0, 1: 0.1111111111111111, 2: 0.2222222222222222, 3: -0.0, 4: 0.1111111111111111, 5: 0.0, 6: 0.1111111111111111}
0+(-10)*x0+(-6)*x1+(0)
sat
input 0 = 0.0
input 1 = 0.125
output 0 = 0.25
vals: {0: 0.0, 1: 0.125, 2: 0.25, 3: -0.0, 4: 0.125, 5: 0.0, 6: 0.125}
0+(-10)*x0+(-5)*x1+(0)
sat
input 0 = 0.0
input 1 = 0.14285714285714285
output 0 = 0.2857142857142857
vals: {0: 0.0, 1: 0.14285714285714285, 2: 0.2857142857142857, 3: -0.0, 4: 0.14285714285714285, 5: 0.0, 6: 0.14285714285714285}
0+(-10)*x0+(-4)*x1+(0)
sat
input 0 = 0.0
input 1 = 0.16666666666666666
output 0 = 0.3333333333333333
vals: {0: 0.0, 1: 0.16666666666666666, 2: 0.3333333333333333, 3: -0.0, 4: 0.16666666666666666, 5: 0.0, 6: 0.16666666666666666}
0+(-10)*x0+(-3)*x1+(0)
sat
input 0 = 10.0
input 1 = 10.0
output 0 = 50.0
vals: {0: 10.0, 1: 10.0, 2: 50.0, 3: 10.0, 4: 10.0, 5: 10.0, 6: 10.0}
0+(0)*x0+(5)*x1+(0)
sat
input 0 = 0.3333333333333333
input 1 = 0.0
output 0 = 1.0
vals: {0: 0.3333333333333333, 1: 0.0, 2: 1.0, 3: 0.3333333333333333, 4: -0.0, 5: 0.3333333333333333, 6: 0.0}
0+(3)*x0+(2)*x1+(0)
unsat
vals: {}
['0+(3)*x0+(2)*x1+(0)']
